<?xml version="1.0" encoding="UTF-8" ?>
<testsuite tests="24" failures="0" name="uml.UMLModelTest" time="0.034" errors="0" skipped="0">
  <properties>
    <property name="java.runtime.name" value="Java(TM) SE Runtime Environment"/>
    <property name="java.vm.version" value="17.0.2+8-LTS-86"/>
    <property name="sun.boot.library.path" value="C:\Program Files\Java\jdk-17.0.2\bin"/>
    <property name="maven.multiModuleProjectDirectory" value="C:/Users/lwsan/Desktop/2022sp-420-AlarmSquad/maven/initial"/>
    <property name="java.vm.vendor" value="Oracle Corporation"/>
    <property name="java.vendor.url" value="https://java.oracle.com/"/>
    <property name="guice.disable.misplaced.annotation.check" value="true"/>
    <property name="path.separator" value=";"/>
    <property name="java.vm.name" value="Java HotSpot(TM) 64-Bit Server VM"/>
    <property name="sun.os.patch.level" value=""/>
    <property name="user.script" value=""/>
    <property name="user.country" value="US"/>
    <property name="sun.java.launcher" value="SUN_STANDARD"/>
    <property name="java.vm.specification.name" value="Java Virtual Machine Specification"/>
    <property name="user.dir" value="C:\Users\lwsan\Desktop\2022sp-420-AlarmSquad\maven\initial"/>
    <property name="java.vm.compressedOopsMode" value="32-bit"/>
    <property name="java.runtime.version" value="17.0.2+8-LTS-86"/>
    <property name="os.arch" value="amd64"/>
    <property name="java.io.tmpdir" value="C:\Users\lwsan\AppData\Local\Temp\"/>
    <property name="line.separator" value="
"/>
    <property name="java.vm.specification.vendor" value="Oracle Corporation"/>
    <property name="user.variant" value=""/>
    <property name="os.name" value="Windows 11"/>
    <property name="classworlds.conf" value="C:\Users\lwsan\.m2\wrapper\dists\apache-maven-3.3.9-bin\2609u9g41na2l7ogackmif6fj2\apache-maven-3.3.9\bin\m2.conf"/>
    <property name="sun.jnu.encoding" value="Cp1252"/>
    <property name="java.library.path" value="C:\Program Files\Java\jdk-17.0.2\bin;C:\WINDOWS\Sun\Java\bin;C:\WINDOWS\system32;C:\WINDOWS;C:\Users\lwsan\bin;C:\Program Files\Git\mingw64\bin;C:\Program Files\Git\usr\local\bin;C:\Program Files\Git\usr\bin;C:\Program Files\Git\usr\bin;C:\Program Files\Git\mingw64\bin;C:\Program Files\Git\usr\bin;C:\Users\lwsan\bin;C:\Program Files\Common Files\Oracle\Java\javapath;C:\Windows\system32;C:\Windows;C:\Windows\System32\Wbem;C:\Windows\System32\WindowsPowerShell\v1.0;C:\Windows\System32\OpenSSH;C:\Program Files (x86)\NVIDIA Corporation\PhysX\Common;C:\WINDOWS\system32;C:\WINDOWS;C:\WINDOWS\System32\Wbem;C:\WINDOWS\System32\WindowsPowerShell\v1.0;C:\WINDOWS\System32\OpenSSH;C:\Program Files\Git\cmd;C:\Users\lwsan\AppData\Local\Microsoft\WindowsApps;C:\Users\lwsan\AppData\Local\Programs\Microsoft VS Code\bin;C:\Program Files\mingw-w64\x86_64-8.1.0-posix-seh-rt_v6-rev0\mingw64\bin;C:\Program Files\JetBrains\IntelliJ IDEA Community Edition 2021.3.2\bin;C:\Program Files\Git\usr\bin\vendor_perl;C:\Program Files\Git\usr\bin\core_perl;."/>
    <property name="jdk.debug" value="release"/>
    <property name="java.class.version" value="61.0"/>
    <property name="java.specification.name" value="Java Platform API Specification"/>
    <property name="sun.management.compiler" value="HotSpot 64-Bit Tiered Compilers"/>
    <property name="os.version" value="10.0"/>
    <property name="user.home" value="C:\Users\lwsan"/>
    <property name="user.timezone" value="America/New_York"/>
    <property name="file.encoding" value="Cp1252"/>
    <property name="java.specification.version" value="17"/>
    <property name="user.name" value="lwsan"/>
    <property name="java.class.path" value="C:/Users/lwsan/Desktop/2022sp-420-AlarmSquad/maven/initial/.mvn/wrapper/maven-wrapper.jar"/>
    <property name="java.vm.specification.version" value="17"/>
    <property name="sun.arch.data.model" value="64"/>
    <property name="sun.java.command" value="org.apache.maven.wrapper.MavenWrapperMain package"/>
    <property name="java.home" value="C:\Program Files\Java\jdk-17.0.2"/>
    <property name="user.language" value="en"/>
    <property name="java.specification.vendor" value="Oracle Corporation"/>
    <property name="java.vm.info" value="mixed mode, sharing"/>
    <property name="java.version" value="17.0.2"/>
    <property name="native.encoding" value="Cp1252"/>
    <property name="java.vendor" value="Oracle Corporation"/>
    <property name="sun.stderr.encoding" value="cp437"/>
    <property name="maven.home" value="C:\Users\lwsan\.m2\wrapper\dists\apache-maven-3.3.9-bin\2609u9g41na2l7ogackmif6fj2\apache-maven-3.3.9"/>
    <property name="file.separator" value="\"/>
    <property name="java.version.date" value="2022-01-18"/>
    <property name="java.vendor.url.bug" value="https://bugreport.java.com/bugreport/"/>
    <property name="sun.io.unicode.encoding" value="UnicodeLittle"/>
    <property name="sun.cpu.endian" value="little"/>
    <property name="sun.stdout.encoding" value="cp437"/>
    <property name="sun.cpu.isalist" value="amd64"/>
  </properties>
  <testcase classname="uml.UMLModelTest" name="clearRelationshipList" time="0.019"/>
  <testcase classname="uml.UMLModelTest" name="getCoordinateMap" time="0"/>
  <testcase classname="uml.UMLModelTest" name="addRel" time="0.001"/>
  <testcase classname="uml.UMLModelTest" name="clearClassList" time="0.001"/>
  <testcase classname="uml.UMLModelTest" name="addClass" time="0"/>
  <testcase classname="uml.UMLModelTest" name="updateRelationshipList" time="0.002"/>
  <testcase classname="uml.UMLModelTest" name="deleteClass" time="0"/>
  <testcase classname="uml.UMLModelTest" name="deleteRel" time="0"/>
  <testcase classname="uml.UMLModelTest" name="setRelationshipList" time="0"/>
  <testcase classname="uml.UMLModelTest" name="UMLModel" time="0.003"/>
  <testcase classname="uml.UMLModelTest" name="findRelationship" time="0"/>
  <testcase classname="uml.UMLModelTest" name="getGUIHelpMenu" time="0"/>
  <testcase classname="uml.UMLModelTest" name="getClassList" time="0.001"/>
  <testcase classname="uml.UMLModelTest" name="changeRelType" time="0"/>
  <testcase classname="uml.UMLModelTest" name="getCLIHelpMenu" time="0.001"/>
  <testcase classname="uml.UMLModelTest" name="checkType" time="0.001"/>
  <testcase classname="uml.UMLModelTest" name="findClass" time="0"/>
  <testcase classname="uml.UMLModelTest" name="isRelated" time="0"/>
  <testcase classname="uml.UMLModelTest" name="setCoordinateMap" time="0"/>
  <testcase classname="uml.UMLModelTest" name="isValidIdentifier" time="0.001"/>
  <testcase classname="uml.UMLModelTest" name="isNotValidInput" time="0.004"/>
  <testcase classname="uml.UMLModelTest" name="getRelationshipList" time="0"/>
  <testcase classname="uml.UMLModelTest" name="setClassList" time="0"/>
  <testcase classname="uml.UMLModelTest" name="findRelType" time="0"/>
</testsuite>